Mar 27 13:09:37 ip-10-77-20-248 sudo:   ubuntu : TTY=pts/0 ; PWD=/home/ubuntu ; USER=root ; COMMAND=/usr/bin/curl -L -O https://artifacts.elastic.co/downloads/beats/filebeat/filebeat-5.2.2-amd64.deb
Mar 27 13:09:37 ip-10-77-20-248 sudo: pam_unix(sudo:session): session opened for user root by ubuntu(uid=0)
Mar 27 13:09:38 ip-10-77-20-248 sudo: pam_unix(sudo:session): session closed for user root
Mar 27 13:10:08 ip-10-77-20-248 sudo:   ubuntu : TTY=pts/0 ; PWD=/home/ubuntu ; USER=root ; COMMAND=/usr/bin/apt-key add -
Mar 27 13:10:08 ip-10-77-20-248 sudo: pam_unix(sudo:session): session opened for user root by ubuntu(uid=0)
Mar 27 13:10:09 ip-10-77-20-248 sudo: pam_unix(sudo:session): session closed for user root
Mar 27 13:10:14 ip-10-77-20-248 sudo:   ubuntu : TTY=pts/0 ; PWD=/home/ubuntu ; USER=root ; COMMAND=/usr/bin/apt-get install apt-transport-https
Mar 27 13:10:14 ip-10-77-20-248 sudo: pam_unix(sudo:session): session opened for user root by ubuntu(uid=0)
Mar 27 13:10:14 ip-10-77-20-248 sudo: pam_unix(sudo:session): session closed for user root
Mar 27 13:10:18 ip-10-77-20-248 sudo:   ubuntu : TTY=pts/0 ; PWD=/home/ubuntu ; USER=root ; COMMAND=/usr/bin/tee -a /etc/apt/sources.list.d/elastic-5.x.list
Mar 27 13:10:18 ip-10-77-20-248 sudo: pam_unix(sudo:session): session opened for user root by ubuntu(uid=0)
Mar 27 13:10:18 ip-10-77-20-248 sudo: pam_unix(sudo:session): session closed for user root
Mar 27 13:10:24 ip-10-77-20-248 sudo:   ubuntu : TTY=pts/0 ; PWD=/home/ubuntu ; USER=root ; COMMAND=/usr/bin/apt-get update
Mar 27 13:10:24 ip-10-77-20-248 sudo: pam_unix(sudo:session): session opened for user root by ubuntu(uid=0)
Mar 27 13:10:28 ip-10-77-20-248 sudo: pam_unix(sudo:session): session closed for user root
Mar 27 13:10:28 ip-10-77-20-248 sudo:   ubuntu : TTY=pts/0 ; PWD=/home/ubuntu ; USER=root ; COMMAND=/usr/bin/apt-get install filebeat
Mar 27 13:10:28 ip-10-77-20-248 sudo: pam_unix(sudo:session): session opened for user root by ubuntu(uid=0)
Mar 27 13:10:33 ip-10-77-20-248 sudo: pam_unix(sudo:session): session closed for user root
Mar 27 13:10:53 ip-10-77-20-248 sudo:   ubuntu : TTY=pts/0 ; PWD=/home/ubuntu ; USER=root ; COMMAND=/usr/sbin/update-rc.d filebeat defaults 95 10
Mar 27 13:10:53 ip-10-77-20-248 sudo: pam_unix(sudo:session): session opened for user root by ubuntu(uid=0)
Mar 27 13:10:53 ip-10-77-20-248 sudo: pam_unix(sudo:session): session closed for user root
Mar 27 13:11:31 ip-10-77-20-248 sudo:   ubuntu : TTY=pts/0 ; PWD=/home/ubuntu ; USER=root ; COMMAND=/usr/bin/apt-get update
Mar 27 13:11:31 ip-10-77-20-248 sudo: pam_unix(sudo:session): session opened for user root by ubuntu(uid=0)
Mar 27 13:11:33 ip-10-77-20-248 sudo: pam_unix(sudo:session): session closed for user root
Mar 27 13:11:34 ip-10-77-20-248 sudo:   ubuntu : TTY=pts/0 ; PWD=/home/ubuntu ; USER=root ; COMMAND=/usr/bin/apt-get update
Mar 27 13:11:34 ip-10-77-20-248 sudo: pam_unix(sudo:session): session opened for user root by ubuntu(uid=0)
Mar 27 13:11:35 ip-10-77-20-248 sudo: pam_unix(sudo:session): session closed for user root
Mar 27 13:11:35 ip-10-77-20-248 sudo:   ubuntu : TTY=pts/0 ; PWD=/home/ubuntu ; USER=root ; COMMAND=/usr/bin/apt-get install packetbeat
Mar 27 13:11:35 ip-10-77-20-248 sudo: pam_unix(sudo:session): session opened for user root by ubuntu(uid=0)
Mar 27 13:11:39 ip-10-77-20-248 sudo: pam_unix(sudo:session): session closed for user root
Mar 27 13:23:11 ip-10-77-20-248 sudo:   ubuntu : TTY=pts/0 ; PWD=/usr/share/filebeat/bin ; USER=root ; COMMAND=/usr/sbin/update-rc.d packetbeat defaults 95 10
Mar 27 13:23:11 ip-10-77-20-248 sudo: pam_unix(sudo:session): session opened for user root by ubuntu(uid=0)
Mar 27 13:23:11 ip-10-77-20-248 sudo: pam_unix(sudo:session): session closed for user root
Mar 27 13:25:20 ip-10-77-20-248 sudo:   ubuntu : TTY=pts/0 ; PWD=/usr/share/filebeat/bin ; USER=root ; COMMAND=/usr/bin/vim /etc/packetbeat/packetbeat.yml
Mar 27 13:25:20 ip-10-77-20-248 sudo: pam_unix(sudo:session): session opened for user root by ubuntu(uid=0)
Mar 27 13:28:00 ip-10-77-20-248 sudo: pam_unix(sudo:session): session closed for user root
Mar 27 13:28:22 ip-10-77-20-248 sudo:   ubuntu : TTY=pts/0 ; PWD=/usr/share/filebeat/bin ; USER=root ; COMMAND=/usr/bin/vim /etc/packetbeat/packetbeat.yml
Mar 27 13:28:22 ip-10-77-20-248 sudo: pam_unix(sudo:session): session opened for user root by ubuntu(uid=0)
Mar 27 13:41:35 ip-10-77-20-248 sudo: pam_unix(sudo:session): session closed for user root
Mar 27 13:41:39 ip-10-77-20-248 sudo:   ubuntu : TTY=pts/0 ; PWD=/usr/share/filebeat/bin ; USER=root ; COMMAND=/usr/bin/vim /etc/packetbeat/packetbeat.yml
Mar 27 13:41:39 ip-10-77-20-248 sudo: pam_unix(sudo:session): session opened for user root by ubuntu(uid=0)
Mar 27 13:41:49 ip-10-77-20-248 sudo: pam_unix(sudo:session): session closed for user root
Mar 27 13:42:46 ip-10-77-20-248 sudo:   ubuntu : TTY=pts/0 ; PWD=/usr/share/filebeat/bin ; USER=root ; COMMAND=/usr/bin/vim /etc/packetbeat/packetbeat.yml
Mar 27 13:42:46 ip-10-77-20-248 sudo: pam_unix(sudo:session): session opened for user root by ubuntu(uid=0)
Mar 27 13:42:57 ip-10-77-20-248 sudo: pam_unix(sudo:session): session closed for user root
Mar 27 13:43:06 ip-10-77-20-248 sudo:   ubuntu : TTY=pts/0 ; PWD=/usr/share/filebeat/bin ; USER=root ; COMMAND=/usr/bin/vim /etc/packetbeat/packetbeat.yml
Mar 27 13:43:06 ip-10-77-20-248 sudo: pam_unix(sudo:session): session opened for user root by ubuntu(uid=0)
Mar 27 13:43:09 ip-10-77-20-248 sudo: pam_unix(sudo:session): session closed for user root
Mar 27 13:43:14 ip-10-77-20-248 sudo:   ubuntu : TTY=pts/0 ; PWD=/usr/share/filebeat/bin ; USER=root ; COMMAND=/usr/bin/vim /etc/hostname
Mar 27 13:43:14 ip-10-77-20-248 sudo: pam_unix(sudo:session): session opened for user root by ubuntu(uid=0)
Mar 27 13:43:18 ip-10-77-20-248 sudo: pam_unix(sudo:session): session closed for user root
Mar 27 13:43:21 ip-10-77-20-248 sudo:   ubuntu : TTY=pts/0 ; PWD=/usr/share/filebeat/bin ; USER=root ; COMMAND=/usr/bin/vim /etc/hosts
Mar 27 13:43:21 ip-10-77-20-248 sudo: pam_unix(sudo:session): session opened for user root by ubuntu(uid=0)
Mar 27 13:43:29 ip-10-77-20-248 sudo: pam_unix(sudo:session): session closed for user root
Mar 27 13:43:33 ip-10-77-20-248 sudo:   ubuntu : TTY=pts/0 ; PWD=/usr/share/filebeat/bin ; USER=root ; COMMAND=/bin/hostname ip-10-77-20-248
Mar 27 13:43:33 ip-10-77-20-248 sudo: pam_unix(sudo:session): session opened for user root by ubuntu(uid=0)
Mar 27 13:43:33 ip-10-77-20-248 sudo: pam_unix(sudo:session): session closed for user root
Mar 27 13:44:05 ip-10-77-20-248 sudo:   ubuntu : TTY=pts/0 ; PWD=/usr/share/filebeat/bin ; USER=root ; COMMAND=/usr/bin/hostnamectl ip-10-77-20-248
Mar 27 13:44:05 ip-10-77-20-248 sudo: pam_unix(sudo:session): session opened for user root by ubuntu(uid=0)
Mar 27 13:44:05 ip-10-77-20-248 sudo: pam_unix(sudo:session): session closed for user root
Mar 27 13:44:16 ip-10-77-20-248 sudo:   ubuntu : TTY=pts/0 ; PWD=/usr/share/filebeat/bin ; USER=root ; COMMAND=/usr/bin/hostnamectl set-hostname ip-10-77-20-248
Mar 27 13:44:16 ip-10-77-20-248 sudo: pam_unix(sudo:session): session opened for user root by ubuntu(uid=0)
Mar 27 13:44:16 ip-10-77-20-248 sudo: pam_unix(sudo:session): session closed for user root
Mar 27 13:44:29 ip-10-77-20-248 sudo:   ubuntu : TTY=pts/0 ; PWD=/home/ubuntu ; USER=root ; COMMAND=/usr/sbin/service packetbeat start
Mar 27 13:44:29 ip-10-77-20-248 sudo: pam_unix(sudo:session): session opened for user root by ubuntu(uid=0)
Mar 27 13:44:29 ip-10-77-20-248 sudo: pam_unix(sudo:session): session closed for user root
Mar 27 15:49:20 ip-10-77-20-248 sudo:   ubuntu : TTY=pts/0 ; PWD=/tmp ; USER=root ; COMMAND=/usr/bin/dpkg -i filebeat-5.3.0-amd64.deb
Mar 27 15:49:20 ip-10-77-20-248 sudo: pam_unix(sudo:session): session opened for user root by ubuntu(uid=0)
Mar 27 15:49:21 ip-10-77-20-248 sudo: pam_unix(sudo:session): session closed for user root
Mar 27 16:02:57 ip-10-77-20-248 sudo:   ubuntu : TTY=pts/0 ; PWD=/usr/share/filebeat/bin ; USER=root ; COMMAND=/usr/bin/vim /etc/filebeat/filebeat.yml
Mar 27 16:02:57 ip-10-77-20-248 sudo: pam_unix(sudo:session): session opened for user root by ubuntu(uid=0)
Mar 27 16:03:19 ip-10-77-20-248 sudo: pam_unix(sudo:session): session closed for user root
Mar 27 16:04:18 ip-10-77-20-248 sudo:   ubuntu : TTY=pts/0 ; PWD=/usr/share/filebeat/bin ; USER=root ; COMMAND=/usr/bin/vim /etc/filebeat/filebeat.yml
Mar 27 16:04:18 ip-10-77-20-248 sudo: pam_unix(sudo:session): session opened for user root by ubuntu(uid=0)
Mar 27 16:04:29 ip-10-77-20-248 sudo: pam_unix(sudo:session): session closed for user root
Mar 27 16:05:03 ip-10-77-20-248 sudo:   ubuntu : TTY=pts/0 ; PWD=/usr/share/filebeat/bin ; USER=root ; COMMAND=./filebeat -e -setup -modules=system -c /etc/filebeat/filebeat.yml
Mar 27 16:05:03 ip-10-77-20-248 sudo: pam_unix(sudo:session): session opened for user root by ubuntu(uid=0)
Mar 27 16:05:03 ip-10-77-20-248 sudo: pam_unix(sudo:session): session closed for user root
Mar 27 16:10:32 ip-10-77-20-248 sudo:   ubuntu : TTY=pts/0 ; PWD=/etc/filebeat ; USER=root ; COMMAND=/usr/bin/vim /etc/filebeat/filebeat.yml
Mar 27 16:10:32 ip-10-77-20-248 sudo: pam_unix(sudo:session): session opened for user root by ubuntu(uid=0)
Mar 27 16:10:46 ip-10-77-20-248 sudo: pam_unix(sudo:session): session closed for user root
Mar 27 16:11:05 ip-10-77-20-248 sudo:   ubuntu : TTY=pts/0 ; PWD=/etc/filebeat ; USER=root ; COMMAND=/usr/bin/vim /etc/filebeat/filebeat.yml
Mar 27 16:11:05 ip-10-77-20-248 sudo: pam_unix(sudo:session): session opened for user root by ubuntu(uid=0)
Mar 27 16:12:10 ip-10-77-20-248 sudo: pam_unix(sudo:session): session closed for user root
Mar 27 16:12:19 ip-10-77-20-248 sudo:   ubuntu : TTY=pts/0 ; PWD=/etc/filebeat ; USER=root ; COMMAND=/usr/bin/vim /etc/filebeat/filebeat.yml
Mar 27 16:12:19 ip-10-77-20-248 sudo: pam_unix(sudo:session): session opened for user root by ubuntu(uid=0)
Mar 27 16:12:42 ip-10-77-20-248 sudo: pam_unix(sudo:session): session closed for user root
Mar 27 16:12:46 ip-10-77-20-248 sudo:   ubuntu : TTY=pts/0 ; PWD=/etc/filebeat ; USER=root ; COMMAND=/usr/bin/vim /etc/filebeat/filebeat.yml
Mar 27 16:12:46 ip-10-77-20-248 sudo: pam_unix(sudo:session): session opened for user root by ubuntu(uid=0)
Mar 27 16:13:46 ip-10-77-20-248 sudo: pam_unix(sudo:session): session closed for user root
Mar 27 16:14:29 ip-10-77-20-248 sudo:   ubuntu : TTY=pts/0 ; PWD=/etc/filebeat ; USER=root ; COMMAND=/usr/bin/vim /etc/filebeat/filebeat.yml
Mar 27 16:14:29 ip-10-77-20-248 sudo: pam_unix(sudo:session): session opened for user root by ubuntu(uid=0)
Mar 27 16:14:38 ip-10-77-20-248 sudo: pam_unix(sudo:session): session closed for user root
Mar 27 16:14:39 ip-10-77-20-248 sudo:   ubuntu : TTY=pts/0 ; PWD=/etc/filebeat ; USER=root ; COMMAND=/usr/bin/vim /etc/filebeat/filebeat.yml
Mar 27 16:14:39 ip-10-77-20-248 sudo: pam_unix(sudo:session): session opened for user root by ubuntu(uid=0)
Mar 27 16:14:52 ip-10-77-20-248 sudo: pam_unix(sudo:session): session closed for user root
Mar 27 16:16:19 ip-10-77-20-248 sudo:   ubuntu : TTY=pts/0 ; PWD=/etc/filebeat ; USER=root ; COMMAND=/usr/bin/vim /etc/filebeat/filebeat.yml
Mar 27 16:16:19 ip-10-77-20-248 sudo: pam_unix(sudo:session): session opened for user root by ubuntu(uid=0)
Mar 27 16:16:27 ip-10-77-20-248 sudo: pam_unix(sudo:session): session closed for user root
Mar 27 16:16:33 ip-10-77-20-248 sudo:   ubuntu : TTY=pts/0 ; PWD=/etc/filebeat ; USER=root ; COMMAND=/usr/sbin/service filebeat start
Mar 27 16:16:33 ip-10-77-20-248 sudo: pam_unix(sudo:session): session opened for user root by ubuntu(uid=0)
Mar 27 16:16:34 ip-10-77-20-248 sudo: pam_unix(sudo:session): session closed for user root
Mar 27 16:16:42 ip-10-77-20-248 sudo:   ubuntu : TTY=pts/0 ; PWD=/etc/filebeat ; USER=root ; COMMAND=/bin/su
Mar 27 16:16:42 ip-10-77-20-248 sudo: pam_unix(sudo:session): session opened for user root by ubuntu(uid=0)
Mar 27 16:17:24 ip-10-77-20-248 sudo: pam_unix(sudo:session): session closed for user root
Mar 27 16:17:29 ip-10-77-20-248 sudo:   ubuntu : TTY=pts/0 ; PWD=/etc/filebeat ; USER=root ; COMMAND=/usr/sbin/service filebeat stop
Mar 27 16:17:29 ip-10-77-20-248 sudo: pam_unix(sudo:session): session opened for user root by ubuntu(uid=0)
Mar 27 16:17:29 ip-10-77-20-248 sudo: pam_unix(sudo:session): session closed for user root
Mar 27 16:17:31 ip-10-77-20-248 sudo:   ubuntu : TTY=pts/0 ; PWD=/etc/filebeat ; USER=root ; COMMAND=/usr/sbin/service filebeat start
Mar 27 16:17:31 ip-10-77-20-248 sudo: pam_unix(sudo:session): session opened for user root by ubuntu(uid=0)
Mar 27 16:17:32 ip-10-77-20-248 sudo: pam_unix(sudo:session): session closed for user root
Mar 27 16:17:35 ip-10-77-20-248 sudo:   ubuntu : TTY=pts/0 ; PWD=/etc/filebeat ; USER=root ; COMMAND=/bin/su
Mar 27 16:17:35 ip-10-77-20-248 sudo: pam_unix(sudo:session): session opened for user root by ubuntu(uid=0)
Mar 27 16:29:06 ip-10-77-20-248 sudo: pam_unix(sudo:session): session closed for user root
Mar 27 16:29:09 ip-10-77-20-248 sudo:   ubuntu : TTY=pts/0 ; PWD=/etc/filebeat ; USER=root ; COMMAND=/usr/bin/vim /etc/filebeat/filebeat.yml
Mar 27 16:29:09 ip-10-77-20-248 sudo: pam_unix(sudo:session): session opened for user root by ubuntu(uid=0)
Mar 27 16:30:57 ip-10-77-20-248 sudo: pam_unix(sudo:session): session closed for user root
Mar 27 16:31:03 ip-10-77-20-248 sudo:   ubuntu : TTY=pts/0 ; PWD=/etc/filebeat ; USER=root ; COMMAND=/usr/sbin/service filebeat start
Mar 27 16:31:03 ip-10-77-20-248 sudo: pam_unix(sudo:session): session opened for user root by ubuntu(uid=0)
Mar 27 16:31:03 ip-10-77-20-248 sudo: pam_unix(sudo:session): session closed for user root
Mar 27 16:31:07 ip-10-77-20-248 sudo:   ubuntu : TTY=pts/0 ; PWD=/etc/filebeat ; USER=root ; COMMAND=/bin/su
Mar 27 16:31:07 ip-10-77-20-248 sudo: pam_unix(sudo:session): session opened for user root by ubuntu(uid=0)
Mar 27 16:50:03 ip-10-77-20-248 sudo:     root : TTY=pts/0 ; PWD=/usr/share/filebeat/scripts ; USER=root ; COMMAND=/usr/bin/apt-get install zip
Mar 27 16:50:03 ip-10-77-20-248 sudo: pam_unix(sudo:session): session opened for user root by ubuntu(uid=0)
Mar 27 16:50:12 ip-10-77-20-248 sudo: pam_unix(sudo:session): session closed for user root
Mar 27 16:51:21 ip-10-77-20-248 sudo: pam_unix(sudo:session): session closed for user root
Mar 27 16:53:45 ip-10-77-20-248 sudo:   ubuntu : TTY=pts/0 ; PWD=/usr/share/filebeat ; USER=root ; COMMAND=/usr/bin/vim /etc/filebeat/filebeat.yml
Mar 27 16:53:45 ip-10-77-20-248 sudo: pam_unix(sudo:session): session opened for user root by ubuntu(uid=0)
Mar 27 16:53:51 ip-10-77-20-248 sudo: pam_unix(sudo:session): session closed for user root
Mar 27 16:54:49 ip-10-77-20-248 sudo:   ubuntu : TTY=pts/0 ; PWD=/etc/filebeat ; USER=root ; COMMAND=/usr/share/filebeat/bin/filebeat -setup system
Mar 27 16:54:49 ip-10-77-20-248 sudo: pam_unix(sudo:session): session opened for user root by ubuntu(uid=0)
Mar 27 16:54:49 ip-10-77-20-248 sudo: pam_unix(sudo:session): session closed for user root
Mar 27 16:55:03 ip-10-77-20-248 sudo:   ubuntu : TTY=pts/0 ; PWD=/etc/filebeat ; USER=root ; COMMAND=/usr/share/filebeat/bin/filebeat -setup system -c filebeat.yml
Mar 27 16:55:03 ip-10-77-20-248 sudo: pam_unix(sudo:session): session opened for user root by ubuntu(uid=0)
Mar 27 16:55:03 ip-10-77-20-248 sudo: pam_unix(sudo:session): session closed for user root
Mar 27 16:55:23 ip-10-77-20-248 sudo:   ubuntu : TTY=pts/0 ; PWD=/etc/filebeat ; USER=root ; COMMAND=/bin/cp filebeat.template.json /usr/share/filebeat/bin/filebeat.template.json
Mar 27 16:55:23 ip-10-77-20-248 sudo: pam_unix(sudo:session): session opened for user root by ubuntu(uid=0)
Mar 27 16:55:23 ip-10-77-20-248 sudo: pam_unix(sudo:session): session closed for user root
Mar 27 16:55:26 ip-10-77-20-248 sudo:   ubuntu : TTY=pts/0 ; PWD=/etc/filebeat ; USER=root ; COMMAND=/usr/share/filebeat/bin/filebeat -setup system -c filebeat.yml
Mar 27 16:55:26 ip-10-77-20-248 sudo: pam_unix(sudo:session): session opened for user root by ubuntu(uid=0)
Mar 27 16:55:26 ip-10-77-20-248 sudo: pam_unix(sudo:session): session closed for user root
Mar 27 16:55:56 ip-10-77-20-248 sudo:   ubuntu : TTY=pts/0 ; PWD=/etc/filebeat ; USER=root ; COMMAND=/bin/cp filebeat.template-es2x.json /usr/share/filebeat/bin/
Mar 27 16:55:56 ip-10-77-20-248 sudo: pam_unix(sudo:session): session opened for user root by ubuntu(uid=0)
Mar 27 16:55:56 ip-10-77-20-248 sudo: pam_unix(sudo:session): session closed for user root
Mar 27 16:56:00 ip-10-77-20-248 sudo:   ubuntu : TTY=pts/0 ; PWD=/etc/filebeat ; USER=root ; COMMAND=/usr/share/filebeat/bin/filebeat -setup system -c filebeat.yml
Mar 27 16:56:00 ip-10-77-20-248 sudo: pam_unix(sudo:session): session opened for user root by ubuntu(uid=0)
Mar 27 16:56:00 ip-10-77-20-248 sudo: pam_unix(sudo:session): session closed for user root
Mar 27 16:58:31 ip-10-77-20-248 sudo:   ubuntu : TTY=pts/0 ; PWD=/usr/share/filebeat/bin ; USER=root ; COMMAND=/usr/bin/filebeat.sh -e -modules=system -setup
Mar 27 16:58:31 ip-10-77-20-248 sudo: pam_unix(sudo:session): session opened for user root by ubuntu(uid=0)
Mar 27 16:58:32 ip-10-77-20-248 sudo: pam_unix(sudo:session): session closed for user root
Mar 27 16:59:01 ip-10-77-20-248 sudo:   ubuntu : TTY=pts/0 ; PWD=/usr/share/filebeat/bin ; USER=root ; COMMAND=/bin/rm filebeat.template-es2x.json filebeat.template.json
Mar 27 16:59:01 ip-10-77-20-248 sudo: pam_unix(sudo:session): session opened for user root by ubuntu(uid=0)
Mar 27 16:59:01 ip-10-77-20-248 sudo: pam_unix(sudo:session): session closed for user root
Mar 27 16:59:27 ip-10-77-20-248 sudo:   ubuntu : TTY=pts/0 ; PWD=/usr/share/filebeat/bin ; USER=root ; COMMAND=./filebeat -e -modules=system -setup
Mar 27 16:59:27 ip-10-77-20-248 sudo: pam_unix(sudo:session): session opened for user root by ubuntu(uid=0)
Mar 27 16:59:27 ip-10-77-20-248 sudo: pam_unix(sudo:session): session closed for user root
Mar 27 16:59:47 ip-10-77-20-248 sudo:   ubuntu : TTY=pts/0 ; PWD=/usr/share/filebeat/bin ; USER=root ; COMMAND=/usr/bin/filebeat.sh -e -modules=system -setup
Mar 27 16:59:47 ip-10-77-20-248 sudo: pam_unix(sudo:session): session opened for user root by ubuntu(uid=0)
Mar 27 16:59:47 ip-10-77-20-248 sudo: pam_unix(sudo:session): session closed for user root
Mar 27 17:02:13 ip-10-77-20-248 sudo:   ubuntu : TTY=pts/0 ; PWD=/usr/share/filebeat/bin ; USER=root ; COMMAND=/usr/bin/filebeat.sh -e -modules=system -setup -E dashboards.url=https://staging.elastic.co/5.3.0-d5b30bd7/downloads/beats/beats-dashboards/beats-dashboards-5.3.0.zip
Mar 27 17:02:13 ip-10-77-20-248 sudo: pam_unix(sudo:session): session opened for user root by ubuntu(uid=0)
Mar 27 17:02:14 ip-10-77-20-248 sudo: pam_unix(sudo:session): session closed for user root
Mar 27 17:02:46 ip-10-77-20-248 sudo:   ubuntu : TTY=pts/0 ; PWD=/usr/share/filebeat/bin ; USER=root ; COMMAND=/usr/bin/vim /etc/filebeat/filebeat.yml
Mar 27 17:02:46 ip-10-77-20-248 sudo: pam_unix(sudo:session): session opened for user root by ubuntu(uid=0)
Mar 27 17:03:36 ip-10-77-20-248 sudo: pam_unix(sudo:session): session closed for user root
Mar 27 17:04:12 ip-10-77-20-248 sudo:   ubuntu : TTY=pts/0 ; PWD=/usr/share/filebeat/bin ; USER=root ; COMMAND=/usr/bin/vim /etc/filebeat/filebeat.yml
Mar 27 17:04:12 ip-10-77-20-248 sudo: pam_unix(sudo:session): session opened for user root by ubuntu(uid=0)
Mar 27 17:04:26 ip-10-77-20-248 sudo: pam_unix(sudo:session): session closed for user root
Mar 27 17:04:29 ip-10-77-20-248 sudo:   ubuntu : TTY=pts/0 ; PWD=/usr/share/filebeat/bin ; USER=root ; COMMAND=/usr/bin/filebeat.sh -e -modules=system -setup -E dashboards.url=https://staging.elastic.co/5.3.0-d5b30bd7/downloads/beats/beats-dashboards/beats-dashboards-5.3.0.zip
Mar 27 17:04:29 ip-10-77-20-248 sudo: pam_unix(sudo:session): session opened for user root by ubuntu(uid=0)
Mar 27 17:04:44 ip-10-77-20-248 sudo: pam_unix(sudo:session): session closed for user root
Mar 27 17:04:51 ip-10-77-20-248 sudo:   ubuntu : TTY=pts/0 ; PWD=/usr/share/filebeat/bin ; USER=root ; COMMAND=/usr/sbin/service filebeat stop
Mar 27 17:04:51 ip-10-77-20-248 sudo: pam_unix(sudo:session): session opened for user root by ubuntu(uid=0)
Mar 27 17:04:51 ip-10-77-20-248 sudo: pam_unix(sudo:session): session closed for user root
Mar 27 17:04:53 ip-10-77-20-248 sudo:   ubuntu : TTY=pts/0 ; PWD=/usr/share/filebeat/bin ; USER=root ; COMMAND=/usr/sbin/service filebeat start
Mar 27 17:04:53 ip-10-77-20-248 sudo: pam_unix(sudo:session): session opened for user root by ubuntu(uid=0)
Mar 27 17:04:53 ip-10-77-20-248 sudo: pam_unix(sudo:session): session closed for user root
Mar 27 17:09:26 ip-10-77-20-248 sudo:   ubuntu : TTY=pts/0 ; PWD=/home/ubuntu ; USER=root ; COMMAND=/usr/sbin/service filebeat stop
Mar 27 17:09:26 ip-10-77-20-248 sudo: pam_unix(sudo:session): session opened for user root by ubuntu(uid=0)
Mar 27 17:09:26 ip-10-77-20-248 sudo: pam_unix(sudo:session): session closed for user root
Mar 27 17:10:15 ip-10-77-20-248 sudo:   ubuntu : TTY=pts/0 ; PWD=/usr/share/filebeat/bin ; USER=root ; COMMAND=/bin/rm /var/lib/filebeat/registry
Mar 27 17:10:15 ip-10-77-20-248 sudo: pam_unix(sudo:session): session opened for user root by ubuntu(uid=0)
Mar 27 17:10:15 ip-10-77-20-248 sudo: pam_unix(sudo:session): session closed for user root
Mar 27 17:12:43 ip-10-77-20-248 sudo:   ubuntu : TTY=pts/0 ; PWD=/usr/share/filebeat/bin ; USER=root ; COMMAND=/usr/bin/filebeat.sh -e -modules=system -setup -E dashboards.url=https://staging.elastic.co/5.3.0-d5b30bd7/downloads/beats/beats-dashboards/beats-dashboards-5.3.0.zip
Mar 27 17:12:43 ip-10-77-20-248 sudo: pam_unix(sudo:session): session opened for user root by ubuntu(uid=0)
Mar 27 17:15:41 ip-10-77-20-248 sudo: pam_unix(sudo:session): session closed for user root
Mar 27 17:26:46 ip-10-77-20-248 sudo:   ubuntu : TTY=pts/0 ; PWD=/tmp ; USER=root ; COMMAND=/usr/bin/dpkg -i filebeat-6.0.0-alpha1-SNAPSHOT-amd64.deb
Mar 27 17:26:46 ip-10-77-20-248 sudo: pam_unix(sudo:session): session opened for user root by ubuntu(uid=0)
Mar 27 17:27:33 ip-10-77-20-248 sudo: pam_unix(sudo:session): session closed for user root
Mar 27 17:27:57 ip-10-77-20-248 sudo:   ubuntu : TTY=pts/0 ; PWD=/tmp ; USER=root ; COMMAND=/usr/bin/dpkg -i filebeat-6.0.0-alpha1-SNAPSHOT-amd64.deb
Mar 27 17:27:57 ip-10-77-20-248 sudo: pam_unix(sudo:session): session opened for user root by ubuntu(uid=0)
Mar 27 17:28:02 ip-10-77-20-248 sudo: pam_unix(sudo:session): session closed for user root
Mar 27 17:28:40 ip-10-77-20-248 sudo:   ubuntu : TTY=pts/0 ; PWD=/usr/share/filebeat ; USER=root ; COMMAND=/usr/bin/vim /etc/filebeat/filebeat.yml
Mar 27 17:28:40 ip-10-77-20-248 sudo: pam_unix(sudo:session): session opened for user root by ubuntu(uid=0)
Mar 27 17:29:15 ip-10-77-20-248 sudo: pam_unix(sudo:session): session closed for user root
Mar 27 17:31:29 ip-10-77-20-248 sudo:   ubuntu : TTY=pts/0 ; PWD=/usr/share/filebeat ; USER=root ; COMMAND=/usr/bin/filebeat.sh -e -modules=system -setup -E dashboards.url=https://beats-nightlies.s3.amazonaws.com/dashboards/beats-dashboards-6.0.0-alpha1-SNAPSHOT.zip
Mar 27 17:31:29 ip-10-77-20-248 sudo: pam_unix(sudo:session): session opened for user root by ubuntu(uid=0)
Mar 27 17:31:29 ip-10-77-20-248 sudo: pam_unix(sudo:session): session closed for user root
Mar 27 17:31:46 ip-10-77-20-248 sudo:   ubuntu : TTY=pts/0 ; PWD=/usr/share/filebeat ; USER=root ; COMMAND=/bin/chmod go-w /usr/share/filebeat/module/system/auth/manifest.yml
Mar 27 17:31:46 ip-10-77-20-248 sudo: pam_unix(sudo:session): session opened for user root by ubuntu(uid=0)
Mar 27 17:31:46 ip-10-77-20-248 sudo: pam_unix(sudo:session): session closed for user root
Mar 27 17:31:48 ip-10-77-20-248 sudo:   ubuntu : TTY=pts/0 ; PWD=/usr/share/filebeat ; USER=root ; COMMAND=/usr/bin/filebeat.sh -e -modules=system -setup -E dashboards.url=https://beats-nightlies.s3.amazonaws.com/dashboards/beats-dashboards-6.0.0-alpha1-SNAPSHOT.zip
Mar 27 17:31:48 ip-10-77-20-248 sudo: pam_unix(sudo:session): session opened for user root by ubuntu(uid=0)
Mar 27 17:31:48 ip-10-77-20-248 sudo: pam_unix(sudo:session): session closed for user root
Mar 27 17:32:01 ip-10-77-20-248 sudo:   ubuntu : TTY=pts/0 ; PWD=/usr/share/filebeat ; USER=root ; COMMAND=/bin/chmod go-w /usr/share/filebeat/module/system/syslog/manifest.yml
Mar 27 17:32:01 ip-10-77-20-248 sudo: pam_unix(sudo:session): session opened for user root by ubuntu(uid=0)
Mar 27 17:32:01 ip-10-77-20-248 sudo: pam_unix(sudo:session): session closed for user root
Mar 27 17:32:02 ip-10-77-20-248 sudo:   ubuntu : TTY=pts/0 ; PWD=/usr/share/filebeat ; USER=root ; COMMAND=/usr/bin/filebeat.sh -e -modules=system -setup -E dashboards.url=https://beats-nightlies.s3.amazonaws.com/dashboards/beats-dashboards-6.0.0-alpha1-SNAPSHOT.zip
Mar 27 17:32:02 ip-10-77-20-248 sudo: pam_unix(sudo:session): session opened for user root by ubuntu(uid=0)
Mar 27 17:32:04 ip-10-77-20-248 sudo: pam_unix(sudo:session): session closed for user root
Mar 27 18:07:20 ip-10-77-20-248 sudo:   ubuntu : TTY=pts/0 ; PWD=/usr/share/filebeat ; USER=root ; COMMAND=/usr/bin/filebeat.sh -e -modules=system -setup -E dashboards.url=https://beats-nightlies.s3.amazonaws.com/dashboards/beats-dashboards-6.0.0-alpha1-SNAPSHOT.zip
Mar 27 18:07:20 ip-10-77-20-248 sudo: pam_unix(sudo:session): session opened for user root by ubuntu(uid=0)
Mar 27 18:07:21 ip-10-77-20-248 sudo: pam_unix(sudo:session): session closed for user root
Mar 27 18:11:17 ip-10-77-20-248 sudo:   ubuntu : TTY=pts/0 ; PWD=/usr/share/filebeat ; USER=root ; COMMAND=/usr/bin/filebeat.sh -e -modules=system -setup -E dashboards.url=https://beats-nightlies.s3.amazonaws.com/dashboards/beats-dashboards-6.0.0-alpha1-SNAPSHOT.zip
Mar 27 18:11:17 ip-10-77-20-248 sudo: pam_unix(sudo:session): session opened for user root by ubuntu(uid=0)
Mar 27 18:11:19 ip-10-77-20-248 sudo: pam_unix(sudo:session): session closed for user root
Mar 27 18:11:31 ip-10-77-20-248 sudo:   ubuntu : TTY=pts/0 ; PWD=/usr/share/filebeat ; USER=root ; COMMAND=/usr/bin/filebeat.sh -e -modules=system -setup -E dashboards.url=https://beats-nightlies.s3.amazonaws.com/dashboards/beats-dashboards-6.0.0-alpha1-SNAPSHOT.zip
Mar 27 18:11:31 ip-10-77-20-248 sudo: pam_unix(sudo:session): session opened for user root by ubuntu(uid=0)
Mar 27 18:11:32 ip-10-77-20-248 sudo: pam_unix(sudo:session): session closed for user root
Mar 27 18:14:08 ip-10-77-20-248 sudo:   ubuntu : TTY=pts/0 ; PWD=/usr/share/filebeat ; USER=root ; COMMAND=/usr/bin/filebeat.sh -e -modules=system -setup -E dashboards.url=https://beats-nightlies.s3.amazonaws.com/dashboards/beats-dashboards-6.0.0-alpha1-SNAPSHOT.zip
Mar 27 18:14:08 ip-10-77-20-248 sudo: pam_unix(sudo:session): session opened for user root by ubuntu(uid=0)
Mar 27 18:14:32 ip-10-77-20-248 sudo: pam_unix(sudo:session): session closed for user root
Mar 27 18:14:42 ip-10-77-20-248 sudo:   ubuntu : TTY=pts/0 ; PWD=/usr/share/filebeat ; USER=root ; COMMAND=/bin/rm /var/lib/filebeat/registry
Mar 27 18:14:42 ip-10-77-20-248 sudo: pam_unix(sudo:session): session opened for user root by ubuntu(uid=0)
Mar 27 18:14:42 ip-10-77-20-248 sudo: pam_unix(sudo:session): session closed for user root
Mar 27 18:14:47 ip-10-77-20-248 sudo:   ubuntu : TTY=pts/0 ; PWD=/usr/share/filebeat ; USER=root ; COMMAND=/usr/sbin/service filebeat restart
Mar 27 18:14:47 ip-10-77-20-248 sudo: pam_unix(sudo:session): session opened for user root by ubuntu(uid=0)
Mar 27 18:14:47 ip-10-77-20-248 sudo: pam_unix(sudo:session): session closed for user root
Mar 27 18:14:55 ip-10-77-20-248 sudo:   ubuntu : TTY=pts/0 ; PWD=/usr/share/filebeat ; USER=root ; COMMAND=/bin/su
Mar 27 18:14:55 ip-10-77-20-248 sudo: pam_unix(sudo:session): session opened for user root by ubuntu(uid=0)
Mar 27 20:29:31 ip-10-77-20-248 sudo: pam_unix(sudo:session): session closed for user root
Mar 28 11:03:31 ip-10-77-20-248 sudo:   ubuntu : TTY=pts/0 ; PWD=/home/ubuntu ; USER=root ; COMMAND=/usr/bin/apt-get install metricbeat
Mar 28 11:03:31 ip-10-77-20-248 sudo: pam_unix(sudo:session): session opened for user root by ubuntu(uid=0)
Mar 28 11:03:35 ip-10-77-20-248 sudo: pam_unix(sudo:session): session closed for user root
Mar 28 11:03:51 ip-10-77-20-248 sudo:   ubuntu : TTY=pts/0 ; PWD=/home/ubuntu ; USER=root ; COMMAND=/usr/bin/vim /etc/filebeat/filebeat.yml
Mar 28 11:03:51 ip-10-77-20-248 sudo: pam_unix(sudo:session): session opened for user root by ubuntu(uid=0)
Mar 28 11:04:00 ip-10-77-20-248 sudo: pam_unix(sudo:session): session closed for user root
Mar 28 11:04:09 ip-10-77-20-248 sudo:   ubuntu : TTY=pts/0 ; PWD=/home/ubuntu ; USER=root ; COMMAND=/usr/bin/vim /etc/metricbeat/metricbeat.yml
Mar 28 11:04:09 ip-10-77-20-248 sudo: pam_unix(sudo:session): session opened for user root by ubuntu(uid=0)
Mar 28 11:05:29 ip-10-77-20-248 sudo: pam_unix(sudo:session): session closed for user root
Mar 28 11:05:34 ip-10-77-20-248 sudo:   ubuntu : TTY=pts/0 ; PWD=/home/ubuntu ; USER=root ; COMMAND=/usr/bin/vim /etc/metricbeat/metricbeat.yml
Mar 28 11:05:34 ip-10-77-20-248 sudo: pam_unix(sudo:session): session opened for user root by ubuntu(uid=0)
Mar 28 11:05:37 ip-10-77-20-248 sudo: pam_unix(sudo:session): session closed for user root
Mar 28 11:06:28 ip-10-77-20-248 sudo:   ubuntu : TTY=pts/0 ; PWD=/home/ubuntu ; USER=root ; COMMAND=/usr/sbin/service metricbeat start
Mar 28 11:06:28 ip-10-77-20-248 sudo: pam_unix(sudo:session): session opened for user root by ubuntu(uid=0)
Mar 28 11:06:29 ip-10-77-20-248 sudo: pam_unix(sudo:session): session closed for user root
Mar 28 11:06:31 ip-10-77-20-248 sudo:   ubuntu : TTY=pts/0 ; PWD=/home/ubuntu ; USER=root ; COMMAND=/bin/su
Mar 28 11:06:31 ip-10-77-20-248 sudo: pam_unix(sudo:session): session opened for user root by ubuntu(uid=0)
Mar 28 11:23:08 ip-10-77-20-248 sudo: pam_unix(sudo:session): session closed for user root
Mar 28 11:24:52 ip-10-77-20-248 sudo:   ubuntu : TTY=pts/0 ; PWD=/tmp ; USER=root ; COMMAND=/bin/cp metricbeat-5.2.2-darwin-x86_64/metricbeat /usr/local/bin/
Mar 28 11:24:52 ip-10-77-20-248 sudo: pam_unix(sudo:session): session opened for user root by ubuntu(uid=0)
Mar 28 11:24:52 ip-10-77-20-248 sudo: pam_unix(sudo:session): session closed for user root
Mar 28 11:24:57 ip-10-77-20-248 sudo:   ubuntu : TTY=pts/0 ; PWD=/tmp ; USER=root ; COMMAND=/bin/mkdir -p /etc/metricbeat
Mar 28 11:24:57 ip-10-77-20-248 sudo: pam_unix(sudo:session): session opened for user root by ubuntu(uid=0)
Mar 28 11:24:57 ip-10-77-20-248 sudo: pam_unix(sudo:session): session closed for user root
Mar 28 11:27:38 ip-10-77-20-248 sudo:   ubuntu : TTY=pts/0 ; PWD=/tmp ; USER=root ; COMMAND=/bin/rm /usr/local/bin/metricbeat
Mar 28 11:27:38 ip-10-77-20-248 sudo: pam_unix(sudo:session): session opened for user root by ubuntu(uid=0)
Mar 28 11:27:38 ip-10-77-20-248 sudo: pam_unix(sudo:session): session closed for user root
Mar 28 12:02:06 ip-10-77-20-248 sudo:   ubuntu : TTY=pts/0 ; PWD=/home/ubuntu ; USER=root ; COMMAND=/usr/bin/apt-get install python3
Mar 28 12:02:06 ip-10-77-20-248 sudo: pam_unix(sudo:session): session opened for user root by ubuntu(uid=0)
Mar 28 12:02:06 ip-10-77-20-248 sudo: pam_unix(sudo:session): session closed for user root
Mar 28 12:03:36 ip-10-77-20-248 sudo:   ubuntu : TTY=pts/0 ; PWD=/home/ubuntu ; USER=root ; COMMAND=/usr/bin/apt install python-pip
Mar 28 12:03:36 ip-10-77-20-248 sudo: pam_unix(sudo:session): session opened for user root by ubuntu(uid=0)
Mar 28 12:04:00 ip-10-77-20-248 sudo: pam_unix(sudo:session): session closed for user root
Mar 28 19:01:41 ip-10-77-20-248 sudo:   ubuntu : TTY=pts/0 ; PWD=/home/ubuntu ; USER=root ; COMMAND=/usr/bin/vim /etc/ssh/sshd_config
Mar 28 19:01:41 ip-10-77-20-248 sudo: pam_unix(sudo:session): session opened for user root by ubuntu(uid=0)
Mar 28 19:02:04 ip-10-77-20-248 sudo: pam_unix(sudo:session): session closed for user root
Mar 28 19:02:28 ip-10-77-20-248 sudo:   ubuntu : TTY=pts/0 ; PWD=/home/ubuntu ; USER=root ; COMMAND=/usr/sbin/service ssh restart
Mar 28 19:02:28 ip-10-77-20-248 sudo: pam_unix(sudo:session): session opened for user root by ubuntu(uid=0)
Mar 28 19:02:28 ip-10-77-20-248 sudo: pam_unix(sudo:session): session closed for user root
Mar 28 19:13:37 ip-10-77-20-248 sudo:   ubuntu : TTY=pts/0 ; PWD=/home/ubuntu ; USER=root ; COMMAND=/usr/bin/vim /etc/ssh/sshd_config
Mar 28 19:13:37 ip-10-77-20-248 sudo: pam_unix(sudo:session): session opened for user root by ubuntu(uid=0)
Mar 28 19:13:43 ip-10-77-20-248 sudo: pam_unix(sudo:session): session closed for user root
Mar 28 19:13:44 ip-10-77-20-248 sudo:   ubuntu : TTY=pts/0 ; PWD=/home/ubuntu ; USER=root ; COMMAND=/usr/sbin/service ssh restart
Mar 28 19:13:44 ip-10-77-20-248 sudo: pam_unix(sudo:session): session opened for user root by ubuntu(uid=0)
Mar 28 19:13:44 ip-10-77-20-248 sudo: pam_unix(sudo:session): session closed for user root
Mar 28 19:15:21 ip-10-77-20-248 sudo:   ubuntu : TTY=pts/0 ; PWD=/home/ubuntu ; USER=root ; COMMAND=/usr/sbin/service metricbeat stop
Mar 28 19:15:21 ip-10-77-20-248 sudo: pam_unix(sudo:session): session opened for user root by ubuntu(uid=0)
Mar 28 19:15:21 ip-10-77-20-248 sudo: pam_unix(sudo:session): session closed for user root
Mar 28 19:15:52 ip-10-77-20-248 sudo:   ubuntu : TTY=pts/0 ; PWD=/home/ubuntu ; USER=root ; COMMAND=/usr/bin/vim /etc/metricbeat/metricbeat.yml
Mar 28 19:15:52 ip-10-77-20-248 sudo: pam_unix(sudo:session): session opened for user root by ubuntu(uid=0)
Mar 28 19:16:08 ip-10-77-20-248 sudo: pam_unix(sudo:session): session closed for user root
Mar 28 19:16:14 ip-10-77-20-248 sudo:   ubuntu : TTY=pts/0 ; PWD=/home/ubuntu ; USER=root ; COMMAND=/usr/sbin/service metricbeat start
Mar 28 19:16:14 ip-10-77-20-248 sudo: pam_unix(sudo:session): session opened for user root by ubuntu(uid=0)
Mar 28 19:16:15 ip-10-77-20-248 sudo: pam_unix(sudo:session): session closed for user root
Mar 28 19:16:27 ip-10-77-20-248 sudo:   ubuntu : TTY=pts/0 ; PWD=/home/ubuntu ; USER=root ; COMMAND=/usr/bin/vim /etc/metricbeat/metricbeat.yml
Mar 28 19:16:27 ip-10-77-20-248 sudo: pam_unix(sudo:session): session opened for user root by ubuntu(uid=0)
Mar 28 19:16:47 ip-10-77-20-248 sudo: pam_unix(sudo:session): session closed for user root
Mar 29 10:36:43 ip-10-77-20-248 sudo:   ubuntu : TTY=pts/0 ; PWD=/home/ubuntu/misc_scripts ; USER=root ; COMMAND=./create_n_users.sh
Mar 29 10:36:43 ip-10-77-20-248 sudo: pam_unix(sudo:session): session opened for user root by ubuntu(uid=0)
Mar 29 10:36:44 ip-10-77-20-248 sudo: pam_unix(sudo:session): session closed for user root
Mar 29 10:36:52 ip-10-77-20-248 sudo:   ubuntu : TTY=pts/0 ; PWD=/home/ubuntu/misc_scripts ; USER=root ; COMMAND=./create_n_users.sh
Mar 29 10:36:52 ip-10-77-20-248 sudo: pam_unix(sudo:session): session opened for user root by ubuntu(uid=0)
Mar 29 10:36:53 ip-10-77-20-248 sudo: pam_unix(sudo:session): session closed for user root
Mar 29 10:37:34 ip-10-77-20-248 sudo:   ubuntu : TTY=pts/0 ; PWD=/home/ubuntu/misc_scripts ; USER=root ; COMMAND=./create_n_users.sh
Mar 29 10:37:34 ip-10-77-20-248 sudo: pam_unix(sudo:session): session opened for user root by ubuntu(uid=0)
Mar 29 10:37:34 ip-10-77-20-248 sudo: pam_unix(sudo:session): session closed for user root
Mar 29 10:38:05 ip-10-77-20-248 sudo:   ubuntu : TTY=pts/0 ; PWD=/home/ubuntu/misc_scripts ; USER=root ; COMMAND=./create_n_users.sh
Mar 29 10:38:05 ip-10-77-20-248 sudo: pam_unix(sudo:session): session opened for user root by ubuntu(uid=0)
Mar 29 10:38:05 ip-10-77-20-248 sudo: pam_unix(sudo:session): session closed for user root
Mar 29 10:42:02 ip-10-77-20-248 sudo:   ubuntu : TTY=pts/0 ; PWD=/home/ubuntu/misc_scripts ; USER=root ; COMMAND=/usr/bin/vim /etc/ssh/sshd_config
Mar 29 10:42:02 ip-10-77-20-248 sudo: pam_unix(sudo:session): session opened for user root by ubuntu(uid=0)
Mar 29 10:42:17 ip-10-77-20-248 sudo: pam_unix(sudo:session): session closed for user root
Mar 29 10:42:24 ip-10-77-20-248 sudo:   ubuntu : TTY=pts/0 ; PWD=/home/ubuntu/misc_scripts ; USER=root ; COMMAND=/usr/sbin/service sshd restart
Mar 29 10:42:24 ip-10-77-20-248 sudo: pam_unix(sudo:session): session opened for user root by ubuntu(uid=0)
Mar 29 10:42:24 ip-10-77-20-248 sudo: pam_unix(sudo:session): session closed for user root
Mar 29 11:39:18 ip-10-77-20-248 sudo:   ubuntu : TTY=pts/0 ; PWD=/home/ubuntu ; USER=root ; COMMAND=/bin/su
Mar 29 11:39:18 ip-10-77-20-248 sudo: pam_unix(sudo:session): session opened for user root by ubuntu(uid=0)
Mar 29 11:44:38 ip-10-77-20-248 sudo:     root : TTY=pts/0 ; PWD=/home/ubuntu ; USER=root ; COMMAND=/usr/sbin/service sshd restart
Mar 29 11:44:38 ip-10-77-20-248 sudo: pam_unix(sudo:session): session opened for user root by ubuntu(uid=0)
Mar 29 11:44:38 ip-10-77-20-248 sudo: pam_unix(sudo:session): session closed for user root
Mar 29 11:45:36 ip-10-77-20-248 sudo:     root : TTY=pts/0 ; PWD=/home/ubuntu ; USER=root ; COMMAND=/usr/sbin/service filebeat stop
Mar 29 11:45:36 ip-10-77-20-248 sudo: pam_unix(sudo:session): session opened for user root by ubuntu(uid=0)
Mar 29 11:45:36 ip-10-77-20-248 sudo: pam_unix(sudo:session): session closed for user root
Mar 29 11:52:42 ip-10-77-20-248 sudo:     root : TTY=pts/0 ; PWD=/home/ubuntu ; USER=root ; COMMAND=/usr/sbin/service filebeat start
Mar 29 11:52:42 ip-10-77-20-248 sudo: pam_unix(sudo:session): session opened for user root by ubuntu(uid=0)
Mar 29 11:52:43 ip-10-77-20-248 sudo: pam_unix(sudo:session): session closed for user root
Mar 29 11:53:36 ip-10-77-20-248 sudo:     root : TTY=pts/0 ; PWD=/home/ubuntu ; USER=root ; COMMAND=/usr/sbin/service filebeat stop
Mar 29 11:53:36 ip-10-77-20-248 sudo: pam_unix(sudo:session): session opened for user root by ubuntu(uid=0)
Mar 29 11:53:36 ip-10-77-20-248 sudo: pam_unix(sudo:session): session closed for user root
Mar 29 12:09:44 ip-10-77-20-248 sudo: pam_unix(sudo:session): session closed for user root
Mar 29 12:10:04 ip-10-77-20-248 sudo:   ubuntu : TTY=pts/0 ; PWD=/home/ubuntu ; USER=root ; COMMAND=/usr/sbin/groupadd elastic_users
Mar 29 12:10:04 ip-10-77-20-248 sudo: pam_unix(sudo:session): session opened for user root by ubuntu(uid=0)
Mar 29 12:10:04 ip-10-77-20-248 sudo: pam_unix(sudo:session): session closed for user root
Mar 30 13:06:28 ip-10-77-20-248 sudo:   ubuntu : TTY=pts/0 ; PWD=/home/ubuntu ; USER=root ; COMMAND=/bin/su
Mar 30 13:06:28 ip-10-77-20-248 sudo: pam_unix(sudo:session): session opened for user root by ubuntu(uid=0)
Mar 30 13:06:36 ip-10-77-20-248 sudo: pam_unix(sudo:session): session closed for user root
Mar 31 11:00:03 ip-10-77-20-248 sudo:   ubuntu : TTY=pts/0 ; PWD=/home/ubuntu/misc_scripts ; USER=root ; COMMAND=/usr/bin/vim /etc/resolvconf/resolv.conf.d/base
Mar 31 11:00:03 ip-10-77-20-248 sudo: pam_unix(sudo:session): session opened for user root by ubuntu(uid=0)
Mar 31 11:00:17 ip-10-77-20-248 sudo: pam_unix(sudo:session): session closed for user root
Mar 31 11:00:22 ip-10-77-20-248 sudo:   ubuntu : TTY=pts/0 ; PWD=/home/ubuntu/misc_scripts ; USER=root ; COMMAND=/sbin/resolvconf -u
Mar 31 11:00:22 ip-10-77-20-248 sudo: pam_unix(sudo:session): session opened for user root by ubuntu(uid=0)
Mar 31 11:00:22 ip-10-77-20-248 sudo: pam_unix(sudo:session): session closed for user root
Mar 31 11:34:22 ip-10-77-20-248 sudo:   ubuntu : TTY=pts/0 ; PWD=/home/ubuntu/misc_scripts ; USER=root ; COMMAND=/usr/bin/hexdump
Mar 31 11:34:22 ip-10-77-20-248 sudo: pam_unix(sudo:session): session opened for user root by ubuntu(uid=0)
Mar 31 11:34:24 ip-10-77-20-248 sudo: pam_unix(sudo:session): session closed for user root
Apr  3 10:39:07 ip-10-77-20-248 sudo:   ubuntu : TTY=pts/0 ; PWD=/home/ubuntu/misc_scripts ; USER=root ; COMMAND=/usr/bin/vim /etc/hosts
Apr  3 10:39:07 ip-10-77-20-248 sudo: pam_unix(sudo:session): session opened for user root by ubuntu(uid=0)
Apr  3 10:39:20 ip-10-77-20-248 sudo: pam_unix(sudo:session): session closed for user root
Apr  3 10:40:10 ip-10-77-20-248 sudo:   ubuntu : TTY=pts/0 ; PWD=/home/ubuntu/misc_scripts ; USER=root ; COMMAND=/usr/bin/vim /etc/hosts
Apr  3 10:40:10 ip-10-77-20-248 sudo: pam_unix(sudo:session): session opened for user root by ubuntu(uid=0)
Apr  3 10:40:19 ip-10-77-20-248 sudo: pam_unix(sudo:session): session closed for user root
Apr  3 10:42:51 ip-10-77-20-248 sudo:   ubuntu : TTY=pts/0 ; PWD=/home/ubuntu/misc_scripts ; USER=root ; COMMAND=/usr/bin/apt-get install Dnsmasq
Apr  3 10:42:51 ip-10-77-20-248 sudo: pam_unix(sudo:session): session opened for user root by ubuntu(uid=0)
Apr  3 10:42:51 ip-10-77-20-248 sudo: pam_unix(sudo:session): session closed for user root
Apr  3 10:42:54 ip-10-77-20-248 sudo:   ubuntu : TTY=pts/0 ; PWD=/home/ubuntu/misc_scripts ; USER=root ; COMMAND=/usr/bin/apt-get install dnsmasq
Apr  3 10:42:54 ip-10-77-20-248 sudo: pam_unix(sudo:session): session opened for user root by ubuntu(uid=0)
Apr  3 10:42:57 ip-10-77-20-248 sudo: pam_unix(sudo:session): session closed for user root
Apr  3 10:49:39 ip-10-77-20-248 sudo:   ubuntu : TTY=pts/0 ; PWD=/home/ubuntu/misc_scripts ; USER=root ; COMMAND=/usr/bin/vim /etc/resolv.conf
Apr  3 10:49:39 ip-10-77-20-248 sudo: pam_unix(sudo:session): session opened for user root by ubuntu(uid=0)
Apr  3 10:49:52 ip-10-77-20-248 sudo: pam_unix(sudo:session): session closed for user root
Apr  3 10:50:53 ip-10-77-20-248 sudo:   ubuntu : TTY=pts/0 ; PWD=/home/ubuntu/misc_scripts ; USER=root ; COMMAND=/usr/bin/vim /etc/dnsmasq.conf
Apr  3 10:50:53 ip-10-77-20-248 sudo: pam_unix(sudo:session): session opened for user root by ubuntu(uid=0)
Apr  3 10:51:07 ip-10-77-20-248 sudo: pam_unix(sudo:session): session closed for user root
Apr  3 10:51:32 ip-10-77-20-248 sudo:   ubuntu : TTY=pts/0 ; PWD=/home/ubuntu/misc_scripts ; USER=root ; COMMAND=/usr/bin/vim /etc/dnsmasq.conf
Apr  3 10:51:32 ip-10-77-20-248 sudo: pam_unix(sudo:session): session opened for user root by ubuntu(uid=0)
Apr  3 10:51:55 ip-10-77-20-248 sudo: pam_unix(sudo:session): session closed for user root
Apr  3 10:52:08 ip-10-77-20-248 sudo:   ubuntu : TTY=pts/0 ; PWD=/home/ubuntu/misc_scripts ; USER=root ; COMMAND=/usr/sbin/service dnsmasq restart
Apr  3 10:52:08 ip-10-77-20-248 sudo: pam_unix(sudo:session): session opened for user root by ubuntu(uid=0)
Apr  3 10:52:09 ip-10-77-20-248 sudo: pam_unix(sudo:session): session closed for user root
Apr  3 11:00:16 ip-10-77-20-248 sudo:   ubuntu : TTY=pts/0 ; PWD=/home/ubuntu/misc_scripts ; USER=root ; COMMAND=/usr/bin/vim /etc/resolv.conf
Apr  3 11:00:16 ip-10-77-20-248 sudo: pam_unix(sudo:session): session opened for user root by ubuntu(uid=0)
Apr  3 11:00:25 ip-10-77-20-248 sudo: pam_unix(sudo:session): session closed for user root
Apr  3 11:00:44 ip-10-77-20-248 sudo:   ubuntu : TTY=pts/0 ; PWD=/home/ubuntu/misc_scripts ; USER=root ; COMMAND=/usr/bin/vim /etc/resolv.conf
Apr  3 11:00:44 ip-10-77-20-248 sudo: pam_unix(sudo:session): session opened for user root by ubuntu(uid=0)
Apr  3 11:01:13 ip-10-77-20-248 sudo: pam_unix(sudo:session): session closed for user root
Apr  3 11:01:26 ip-10-77-20-248 sudo:   ubuntu : TTY=pts/0 ; PWD=/home/ubuntu/misc_scripts ; USER=root ; COMMAND=/usr/bin/vim /etc/resolvconf/resolv.conf.d/base
Apr  3 11:01:26 ip-10-77-20-248 sudo: pam_unix(sudo:session): session opened for user root by ubuntu(uid=0)
Apr  3 11:01:36 ip-10-77-20-248 sudo: pam_unix(sudo:session): session closed for user root
Apr  3 11:01:44 ip-10-77-20-248 sudo:   ubuntu : TTY=pts/0 ; PWD=/home/ubuntu/misc_scripts ; USER=root ; COMMAND=/usr/bin/vim /etc/resolvconf/resolv.conf.d/base
Apr  3 11:01:44 ip-10-77-20-248 sudo: pam_unix(sudo:session): session opened for user root by ubuntu(uid=0)
Apr  3 11:01:52 ip-10-77-20-248 sudo: pam_unix(sudo:session): session closed for user root
Apr  3 11:01:55 ip-10-77-20-248 sudo:   ubuntu : TTY=pts/0 ; PWD=/home/ubuntu/misc_scripts ; USER=root ; COMMAND=/usr/bin/vim /etc/resolvconf/resolv.conf.d/head
Apr  3 11:01:55 ip-10-77-20-248 sudo: pam_unix(sudo:session): session opened for user root by ubuntu(uid=0)
Apr  3 11:01:57 ip-10-77-20-248 sudo: pam_unix(sudo:session): session closed for user root
Apr  3 11:02:02 ip-10-77-20-248 sudo:   ubuntu : TTY=pts/0 ; PWD=/home/ubuntu/misc_scripts ; USER=root ; COMMAND=/sbin/resolvconf -u
Apr  3 11:02:02 ip-10-77-20-248 sudo: pam_unix(sudo:session): session opened for user root by ubuntu(uid=0)
Apr  3 11:02:02 ip-10-77-20-248 sudo: pam_unix(sudo:session): session closed for user root
Apr  3 11:02:05 ip-10-77-20-248 sudo:   ubuntu : TTY=pts/0 ; PWD=/home/ubuntu/misc_scripts ; USER=root ; COMMAND=/usr/bin/vim /etc/resolv.conf
Apr  3 11:02:05 ip-10-77-20-248 sudo: pam_unix(sudo:session): session opened for user root by ubuntu(uid=0)
Apr  3 11:02:19 ip-10-77-20-248 sudo: pam_unix(sudo:session): session closed for user root
Apr  3 11:02:28 ip-10-77-20-248 sudo:   ubuntu : TTY=pts/0 ; PWD=/home/ubuntu/misc_scripts ; USER=root ; COMMAND=/usr/bin/vim /etc/resolv.conf
Apr  3 11:02:28 ip-10-77-20-248 sudo: pam_unix(sudo:session): session opened for user root by ubuntu(uid=0)
Apr  3 11:02:35 ip-10-77-20-248 sudo: pam_unix(sudo:session): session closed for user root
Apr  3 11:04:24 ip-10-77-20-248 sudo:   ubuntu : TTY=pts/0 ; PWD=/home/ubuntu/misc_scripts ; USER=root ; COMMAND=/usr/bin/vim /etc/resolvconf/resolv.conf.d/head
Apr  3 11:04:24 ip-10-77-20-248 sudo: pam_unix(sudo:session): session opened for user root by ubuntu(uid=0)
Apr  3 11:04:31 ip-10-77-20-248 sudo: pam_unix(sudo:session): session closed for user root
Apr  3 11:04:37 ip-10-77-20-248 sudo:   ubuntu : TTY=pts/0 ; PWD=/home/ubuntu/misc_scripts ; USER=root ; COMMAND=/usr/bin/vim /etc/resolvconf/resolv.conf.d/base
Apr  3 11:04:37 ip-10-77-20-248 sudo: pam_unix(sudo:session): session opened for user root by ubuntu(uid=0)
Apr  3 12:24:30 ip-10-77-20-248 sudo: pam_unix(sudo:session): session closed for user root
Apr  3 12:32:41 ip-10-77-20-248 sudo:   ubuntu : TTY=pts/0 ; PWD=/home/ubuntu/misc_scripts ; USER=root ; COMMAND=/usr/bin/apt-get remove dnsmasq
Apr  3 12:32:41 ip-10-77-20-248 sudo: pam_unix(sudo:session): session opened for user root by ubuntu(uid=0)
Apr  3 12:32:44 ip-10-77-20-248 sudo: pam_unix(sudo:session): session closed for user root
Apr  3 12:33:11 ip-10-77-20-248 sudo:   ubuntu : TTY=pts/0 ; PWD=/home/ubuntu/misc_scripts ; USER=root ; COMMAND=/usr/bin/vim /etc/resolvconf/resolv.conf.d/base
Apr  3 12:33:11 ip-10-77-20-248 sudo: pam_unix(sudo:session): session opened for user root by ubuntu(uid=0)
Apr  3 12:33:28 ip-10-77-20-248 sudo: pam_unix(sudo:session): session closed for user root
Apr  3 12:35:29 ip-10-77-20-248 sudo:   ubuntu : TTY=pts/0 ; PWD=/home/ubuntu/misc_scripts ; USER=root ; COMMAND=/sbin/resolvconf -u
Apr  3 12:35:29 ip-10-77-20-248 sudo: pam_unix(sudo:session): session opened for user root by ubuntu(uid=0)
Apr  3 12:35:29 ip-10-77-20-248 sudo: pam_unix(sudo:session): session closed for user root
Apr  9 18:42:10 ip-10-77-20-248 sudo:   ubuntu : TTY=pts/0 ; PWD=/home/ubuntu ; USER=root ; COMMAND=/usr/bin/apt-get install auditd
Apr  9 18:42:10 ip-10-77-20-248 sudo: pam_unix(sudo:session): session opened for user root by ubuntu(uid=0)
Apr  9 18:42:16 ip-10-77-20-248 sudo: pam_unix(sudo:session): session closed for user root
Apr  9 18:42:22 ip-10-77-20-248 sudo:   ubuntu : TTY=pts/0 ; PWD=/home/ubuntu ; USER=root ; COMMAND=/usr/sbin/service filebeat stop
Apr  9 18:42:22 ip-10-77-20-248 sudo: pam_unix(sudo:session): session opened for user root by ubuntu(uid=0)
Apr  9 18:42:22 ip-10-77-20-248 sudo: pam_unix(sudo:session): session closed for user root
Apr  9 18:42:32 ip-10-77-20-248 sudo:   ubuntu : TTY=pts/0 ; PWD=/home/ubuntu ; USER=root ; COMMAND=/usr/sbin/service metricbeat stop
Apr  9 18:42:32 ip-10-77-20-248 sudo: pam_unix(sudo:session): session opened for user root by ubuntu(uid=0)
Apr  9 18:42:32 ip-10-77-20-248 sudo: pam_unix(sudo:session): session closed for user root
Apr  9 18:42:58 ip-10-77-20-248 sudo:   ubuntu : TTY=pts/0 ; PWD=/opt ; USER=root ; COMMAND=/bin/mkdir filebeat
Apr  9 18:42:58 ip-10-77-20-248 sudo: pam_unix(sudo:session): session opened for user root by ubuntu(uid=0)
Apr  9 18:42:58 ip-10-77-20-248 sudo: pam_unix(sudo:session): session closed for user root
Apr  9 18:43:17 ip-10-77-20-248 sudo:   ubuntu : TTY=pts/0 ; PWD=/opt ; USER=root ; COMMAND=/bin/chown ubuntu:ubuntu filebeat/
Apr  9 18:43:17 ip-10-77-20-248 sudo: pam_unix(sudo:session): session opened for user root by ubuntu(uid=0)
Apr  9 18:43:17 ip-10-77-20-248 sudo: pam_unix(sudo:session): session closed for user root
Apr  9 18:52:01 ip-10-77-20-248 sudo:   ubuntu : TTY=pts/0 ; PWD=/opt/filebeat/filebeat-6.0.0-alpha1-SNAPSHOT-linux-x86_64 ; USER=root ; COMMAND=/usr/bin/vim /etc/audit/auditd.conf
Apr  9 18:52:01 ip-10-77-20-248 sudo: pam_unix(sudo:session): session opened for user root by ubuntu(uid=0)
Apr  9 18:52:07 ip-10-77-20-248 sudo: pam_unix(sudo:session): session closed for user root
Apr  9 18:52:14 ip-10-77-20-248 sudo:   ubuntu : TTY=pts/0 ; PWD=/opt/filebeat/filebeat-6.0.0-alpha1-SNAPSHOT-linux-x86_64 ; USER=root ; COMMAND=/usr/bin/vi /var/log/audit/audit.log
Apr  9 18:52:14 ip-10-77-20-248 sudo: pam_unix(sudo:session): session opened for user root by ubuntu(uid=0)
Apr  9 18:52:31 ip-10-77-20-248 sudo: pam_unix(sudo:session): session closed for user root
Apr  9 18:56:22 ip-10-77-20-248 sudo:   ubuntu : TTY=pts/0 ; PWD=/opt/filebeat/filebeat-6.0.0-alpha1-SNAPSHOT-linux-x86_64 ; USER=root ; COMMAND=/usr/bin/vi /var/log/audit/audit.log
Apr  9 18:56:22 ip-10-77-20-248 sudo: pam_unix(sudo:session): session opened for user root by ubuntu(uid=0)
Apr  9 18:59:09 ip-10-77-20-248 sudo: pam_unix(sudo:session): session closed for user root
Apr  9 18:59:11 ip-10-77-20-248 sudo:   ubuntu : TTY=pts/0 ; PWD=/opt/filebeat/filebeat-6.0.0-alpha1-SNAPSHOT-linux-x86_64 ; USER=root ; COMMAND=/usr/bin/vim /etc/audit/auditd.conf
Apr  9 18:59:11 ip-10-77-20-248 sudo: pam_unix(sudo:session): session opened for user root by ubuntu(uid=0)
Apr  9 19:08:33 ip-10-77-20-248 sudo: pam_unix(sudo:session): session closed for user root
Apr  9 19:10:17 ip-10-77-20-248 sudo:   ubuntu : TTY=pts/0 ; PWD=/opt/filebeat/filebeat-6.0.0-alpha1-SNAPSHOT-linux-x86_64 ; USER=root ; COMMAND=/usr/bin/vim /etc/audit/audit.rules
Apr  9 19:10:17 ip-10-77-20-248 sudo: pam_unix(sudo:session): session opened for user root by ubuntu(uid=0)
Apr  9 19:10:27 ip-10-77-20-248 sudo: pam_unix(sudo:session): session closed for user root
Apr  9 19:15:54 ip-10-77-20-248 sudo:   ubuntu : TTY=pts/0 ; PWD=/opt/filebeat/filebeat-6.0.0-alpha1-SNAPSHOT-linux-x86_64 ; USER=root ; COMMAND=/sbin/auditctl -l
Apr  9 19:15:54 ip-10-77-20-248 sudo: pam_unix(sudo:session): session opened for user root by ubuntu(uid=0)
Apr  9 19:15:54 ip-10-77-20-248 sudo: pam_unix(sudo:session): session closed for user root
Apr  9 19:17:35 ip-10-77-20-248 sudo:   ubuntu : TTY=pts/0 ; PWD=/opt/filebeat/filebeat-6.0.0-alpha1-SNAPSHOT-linux-x86_64 ; USER=root ; COMMAND=/sbin/auditctl -a task,always
Apr  9 19:17:35 ip-10-77-20-248 sudo: pam_unix(sudo:session): session opened for user root by ubuntu(uid=0)
Apr  9 19:17:35 ip-10-77-20-248 sudo: pam_unix(sudo:session): session closed for user root
Apr  9 19:17:55 ip-10-77-20-248 sudo:   ubuntu : TTY=pts/0 ; PWD=/opt/filebeat/filebeat-6.0.0-alpha1-SNAPSHOT-linux-x86_64 ; USER=root ; COMMAND=/sbin/ausearch -i -sc execve
Apr  9 19:17:55 ip-10-77-20-248 sudo: pam_unix(sudo:session): session opened for user root by ubuntu(uid=0)
Apr  9 19:17:56 ip-10-77-20-248 sudo: pam_unix(sudo:session): session closed for user root
Apr  9 19:18:03 ip-10-77-20-248 sudo:   ubuntu : TTY=pts/0 ; PWD=/opt/filebeat/filebeat-6.0.0-alpha1-SNAPSHOT-linux-x86_64 ; USER=root ; COMMAND=/sbin/auditctl -l
Apr  9 19:18:03 ip-10-77-20-248 sudo: pam_unix(sudo:session): session opened for user root by ubuntu(uid=0)
Apr  9 19:18:03 ip-10-77-20-248 sudo: pam_unix(sudo:session): session closed for user root
Apr  9 19:18:36 ip-10-77-20-248 sudo:   ubuntu : TTY=pts/0 ; PWD=/opt/filebeat/filebeat-6.0.0-alpha1-SNAPSHOT-linux-x86_64 ; USER=root ; COMMAND=/usr/bin/tail /var/log/audit/audit.log
Apr  9 19:18:37 ip-10-77-20-248 sudo: pam_unix(sudo:session): session opened for user root by ubuntu(uid=0)
Apr  9 19:18:37 ip-10-77-20-248 sudo: pam_unix(sudo:session): session closed for user root
Apr  9 19:18:48 ip-10-77-20-248 sudo:   ubuntu : TTY=pts/0 ; PWD=/opt/filebeat/filebeat-6.0.0-alpha1-SNAPSHOT-linux-x86_64 ; USER=root ; COMMAND=/usr/bin/tail -10f /var/log/audit/audit.log
Apr  9 19:18:48 ip-10-77-20-248 sudo: pam_unix(sudo:session): session opened for user root by ubuntu(uid=0)
Apr  9 19:20:03 ip-10-77-20-248 sudo: pam_unix(sudo:session): session closed for user root
Apr 10 10:11:15 ip-10-77-20-248 sudo:   ubuntu : TTY=pts/0 ; PWD=/home/ubuntu ; USER=root ; COMMAND=/sbin/auditctl -l
Apr 10 10:11:15 ip-10-77-20-248 sudo: pam_unix(sudo:session): session opened for user root by ubuntu(uid=0)
Apr 10 10:11:15 ip-10-77-20-248 sudo: pam_unix(sudo:session): session closed for user root
Apr 10 10:11:26 ip-10-77-20-248 sudo:   ubuntu : TTY=pts/0 ; PWD=/home/ubuntu ; USER=root ; COMMAND=/sbin/auditctl -D
Apr 10 10:11:26 ip-10-77-20-248 sudo: pam_unix(sudo:session): session opened for user root by ubuntu(uid=0)
Apr 10 10:11:26 ip-10-77-20-248 sudo: pam_unix(sudo:session): session closed for user root
Apr 10 10:11:29 ip-10-77-20-248 sudo:   ubuntu : TTY=pts/0 ; PWD=/home/ubuntu ; USER=root ; COMMAND=/sbin/auditctl -l
Apr 10 10:11:29 ip-10-77-20-248 sudo: pam_unix(sudo:session): session opened for user root by ubuntu(uid=0)
Apr 10 10:11:29 ip-10-77-20-248 sudo: pam_unix(sudo:session): session closed for user root
Apr 10 10:13:12 ip-10-77-20-248 sudo:   ubuntu : TTY=pts/0 ; PWD=/home/ubuntu ; USER=root ; COMMAND=/usr/bin/vim /etc/grub.conf
Apr 10 10:13:12 ip-10-77-20-248 sudo: pam_unix(sudo:session): session opened for user root by ubuntu(uid=0)
Apr 10 10:13:14 ip-10-77-20-248 sudo: pam_unix(sudo:session): session closed for user root
Apr 10 10:14:10 ip-10-77-20-248 sudo:   ubuntu : TTY=pts/0 ; PWD=/home/ubuntu ; USER=root ; COMMAND=/bin/su
Apr 10 10:14:10 ip-10-77-20-248 sudo: pam_unix(sudo:session): session opened for user root by ubuntu(uid=0)
Apr 10 10:35:17 ip-10-77-20-248 sudo: pam_unix(sudo:session): session closed for user root
Apr 10 10:35:41 ip-10-77-20-248 sudo:   ubuntu : TTY=pts/0 ; PWD=/opt/filebeat/filebeat-6.0.0-alpha1-SNAPSHOT-linux-x86_64 ; USER=root ; COMMAND=/bin/chown root filebeat.yml
Apr 10 10:35:41 ip-10-77-20-248 sudo: pam_unix(sudo:session): session opened for user root by ubuntu(uid=0)
Apr 10 10:35:41 ip-10-77-20-248 sudo: pam_unix(sudo:session): session closed for user root
Apr 10 10:35:54 ip-10-77-20-248 sudo:   ubuntu : TTY=pts/0 ; PWD=/opt/filebeat/filebeat-6.0.0-alpha1-SNAPSHOT-linux-x86_64 ; USER=root ; COMMAND=./filebeat -e -modules=auditd -setup
Apr 10 10:35:54 ip-10-77-20-248 sudo: pam_unix(sudo:session): session opened for user root by ubuntu(uid=0)
Apr 10 10:35:54 ip-10-77-20-248 sudo: pam_unix(sudo:session): session closed for user root
Apr 10 10:36:22 ip-10-77-20-248 sudo:   ubuntu : TTY=pts/0 ; PWD=/opt/filebeat/filebeat-6.0.0-alpha1-SNAPSHOT-linux-x86_64 ; USER=root ; COMMAND=/bin/chown -R root /opt/filebeat/
Apr 10 10:36:22 ip-10-77-20-248 sudo: pam_unix(sudo:session): session opened for user root by ubuntu(uid=0)
Apr 10 10:36:22 ip-10-77-20-248 sudo: pam_unix(sudo:session): session closed for user root
Apr 10 10:36:30 ip-10-77-20-248 sudo:   ubuntu : TTY=pts/0 ; PWD=/opt/filebeat/filebeat-6.0.0-alpha1-SNAPSHOT-linux-x86_64 ; USER=root ; COMMAND=./filebeat -e -modules=auditd -setup
Apr 10 10:36:30 ip-10-77-20-248 sudo: pam_unix(sudo:session): session opened for user root by ubuntu(uid=0)
Apr 10 10:36:31 ip-10-77-20-248 sudo: pam_unix(sudo:session): session closed for user root
Apr 10 10:37:13 ip-10-77-20-248 sudo:   ubuntu : TTY=pts/0 ; PWD=/opt/filebeat/filebeat-6.0.0-alpha1-SNAPSHOT-linux-x86_64 ; USER=root ; COMMAND=./filebeat -e -modules=auditd -setup -E dashboards.url=https://beats-nightlies.s3.amazonaws.com/dashboards/beats-dashboards-6.0.0-alpha1-SNAPSHOT.zip
Apr 10 10:37:13 ip-10-77-20-248 sudo: pam_unix(sudo:session): session opened for user root by ubuntu(uid=0)
Apr 10 11:13:57 ip-10-77-20-248 sudo: pam_unix(sudo:session): session closed for user root
Apr 10 11:14:05 ip-10-77-20-248 sudo:   ubuntu : TTY=pts/0 ; PWD=/opt/filebeat/filebeat-6.0.0-alpha1-SNAPSHOT-linux-x86_64 ; USER=root ; COMMAND=/usr/bin/vim filebeat.yml
Apr 10 11:14:05 ip-10-77-20-248 sudo: pam_unix(sudo:session): session opened for user root by ubuntu(uid=0)
Apr 10 11:16:12 ip-10-77-20-248 sudo: pam_unix(sudo:session): session closed for user root
Apr 10 11:20:07 ip-10-77-20-248 sudo:   ubuntu : TTY=pts/0 ; PWD=/opt/filebeat/filebeat-6.0.0-alpha1-SNAPSHOT-linux-x86_64 ; USER=root ; COMMAND=/usr/bin/vim filebeat.yml
Apr 10 11:20:07 ip-10-77-20-248 sudo: pam_unix(sudo:session): session opened for user root by ubuntu(uid=0)
Apr 10 11:24:05 ip-10-77-20-248 sudo: pam_unix(sudo:session): session closed for user root
Apr 10 11:24:08 ip-10-77-20-248 sudo:   ubuntu : TTY=pts/0 ; PWD=/opt/filebeat/filebeat-6.0.0-alpha1-SNAPSHOT-linux-x86_64 ; USER=root ; COMMAND=./filebeat -e -modules=auditd -setup -E dashboards.url=https://beats-nightlies.s3.amazonaws.com/dashboards/beats-dashboards-6.0.0-alpha1-SNAPSHOT.zip
Apr 10 11:24:08 ip-10-77-20-248 sudo: pam_unix(sudo:session): session opened for user root by ubuntu(uid=0)
Apr 10 11:24:14 ip-10-77-20-248 sudo: pam_unix(sudo:session): session closed for user root
Apr 10 11:24:43 ip-10-77-20-248 sudo:   ubuntu : TTY=pts/0 ; PWD=/opt/filebeat/filebeat-6.0.0-alpha1-SNAPSHOT-linux-x86_64 ; USER=root ; COMMAND=/usr/bin/vim filebeat.yml
Apr 10 11:24:43 ip-10-77-20-248 sudo: pam_unix(sudo:session): session opened for user root by ubuntu(uid=0)
Apr 10 11:27:28 ip-10-77-20-248 sudo: pam_unix(sudo:session): session closed for user root
Apr 10 11:27:35 ip-10-77-20-248 sudo:   ubuntu : TTY=pts/0 ; PWD=/opt/filebeat/filebeat-6.0.0-alpha1-SNAPSHOT-linux-x86_64 ; USER=root ; COMMAND=./filebeat -e -modules=auditd
Apr 10 11:27:35 ip-10-77-20-248 sudo: pam_unix(sudo:session): session opened for user root by ubuntu(uid=0)
Apr 10 11:32:09 ip-10-77-20-248 sudo:   ubuntu : TTY=pts/1 ; PWD=/home/ubuntu ; USER=root ; COMMAND=/usr/bin/tail -10f /var/log/audit/audit.log
Apr 10 11:32:09 ip-10-77-20-248 sudo: pam_unix(sudo:session): session opened for user root by ubuntu(uid=0)
Apr 10 11:32:10 ip-10-77-20-248 sudo: pam_unix(sudo:session): session closed for user root
Apr 10 11:33:07 ip-10-77-20-248 sudo:   ubuntu : TTY=pts/1 ; PWD=/home/ubuntu ; USER=root ; COMMAND=/usr/bin/vim /opt/filebeat/filebeat-6.0.0-alpha1-SNAPSHOT-linux-x86_64/filebeat.yml
Apr 10 11:33:07 ip-10-77-20-248 sudo: pam_unix(sudo:session): session opened for user root by ubuntu(uid=0)
Apr 10 11:35:34 ip-10-77-20-248 sudo: pam_unix(sudo:session): session closed for user root
Apr 10 11:35:49 ip-10-77-20-248 sudo:   ubuntu : TTY=pts/1 ; PWD=/home/ubuntu ; USER=root ; COMMAND=/usr/bin/vim /opt/filebeat/filebeat-6.0.0-alpha1-SNAPSHOT-linux-x86_64/filebeat.yml
Apr 10 11:35:49 ip-10-77-20-248 sudo: pam_unix(sudo:session): session opened for user root by ubuntu(uid=0)
Apr 10 11:36:18 ip-10-77-20-248 sudo: pam_unix(sudo:session): session closed for user root
Apr 10 11:36:21 ip-10-77-20-248 sudo: pam_unix(sudo:session): session closed for user root
Apr 10 11:41:56 ip-10-77-20-248 sudo:   ubuntu : TTY=pts/0 ; PWD=/opt/filebeat/filebeat-6.0.0-alpha1-SNAPSHOT-linux-x86_64 ; USER=root ; COMMAND=/usr/bin/vim filebeat.yml
Apr 10 11:41:56 ip-10-77-20-248 sudo: pam_unix(sudo:session): session opened for user root by ubuntu(uid=0)
Apr 10 11:43:29 ip-10-77-20-248 sudo: pam_unix(sudo:session): session closed for user root
Apr 10 11:43:44 ip-10-77-20-248 sudo:   ubuntu : TTY=pts/0 ; PWD=/opt/filebeat/filebeat-6.0.0-alpha1-SNAPSHOT-linux-x86_64 ; USER=root ; COMMAND=/bin/su
Apr 10 11:43:44 ip-10-77-20-248 sudo: pam_unix(sudo:session): session opened for user root by ubuntu(uid=0)
Apr 10 11:44:51 ip-10-77-20-248 sudo: pam_unix(sudo:session): session closed for user root
Apr 10 11:44:54 ip-10-77-20-248 sudo:   ubuntu : TTY=pts/0 ; PWD=/opt/filebeat/filebeat-6.0.0-alpha1-SNAPSHOT-linux-x86_64 ; USER=root ; COMMAND=./filebeat -e -modules=auditd
Apr 10 11:44:54 ip-10-77-20-248 sudo: pam_unix(sudo:session): session opened for user root by ubuntu(uid=0)
Apr 10 11:44:54 ip-10-77-20-248 sudo: pam_unix(sudo:session): session closed for user root
Apr 10 11:45:03 ip-10-77-20-248 sudo:   ubuntu : TTY=pts/0 ; PWD=/opt/filebeat/filebeat-6.0.0-alpha1-SNAPSHOT-linux-x86_64 ; USER=root ; COMMAND=/usr/bin/vim filebeat.yml
Apr 10 11:45:03 ip-10-77-20-248 sudo: pam_unix(sudo:session): session opened for user root by ubuntu(uid=0)
Apr 10 11:50:41 ip-10-77-20-248 sudo: pam_unix(sudo:session): session closed for user root
Apr 10 11:51:04 ip-10-77-20-248 sudo:   ubuntu : TTY=pts/0 ; PWD=/opt/filebeat/filebeat-6.0.0-alpha1-SNAPSHOT-linux-x86_64 ; USER=root ; COMMAND=/bin/ls /var/log/audit/
Apr 10 11:51:04 ip-10-77-20-248 sudo: pam_unix(sudo:session): session opened for user root by ubuntu(uid=0)
Apr 10 11:51:04 ip-10-77-20-248 sudo: pam_unix(sudo:session): session closed for user root
Apr 10 11:51:11 ip-10-77-20-248 sudo:   ubuntu : TTY=pts/0 ; PWD=/opt/filebeat/filebeat-6.0.0-alpha1-SNAPSHOT-linux-x86_64 ; USER=root ; COMMAND=/usr/bin/vim filebeat.yml
Apr 10 11:51:11 ip-10-77-20-248 sudo: pam_unix(sudo:session): session opened for user root by ubuntu(uid=0)
Apr 10 11:51:27 ip-10-77-20-248 sudo: pam_unix(sudo:session): session closed for user root
Apr 10 11:51:31 ip-10-77-20-248 sudo:   ubuntu : TTY=pts/0 ; PWD=/opt/filebeat/filebeat-6.0.0-alpha1-SNAPSHOT-linux-x86_64 ; USER=root ; COMMAND=/usr/bin/vim filebeat.yml
Apr 10 11:51:31 ip-10-77-20-248 sudo: pam_unix(sudo:session): session opened for user root by ubuntu(uid=0)
Apr 10 11:53:37 ip-10-77-20-248 sudo: pam_unix(sudo:session): session closed for user root
Apr 10 11:53:40 ip-10-77-20-248 sudo:   ubuntu : TTY=pts/0 ; PWD=/opt/filebeat/filebeat-6.0.0-alpha1-SNAPSHOT-linux-x86_64 ; USER=root ; COMMAND=./filebeat -e -modules=auditd
Apr 10 11:53:40 ip-10-77-20-248 sudo: pam_unix(sudo:session): session opened for user root by ubuntu(uid=0)
Apr 10 11:53:40 ip-10-77-20-248 sudo: pam_unix(sudo:session): session closed for user root
Apr 10 11:53:45 ip-10-77-20-248 sudo:   ubuntu : TTY=pts/0 ; PWD=/opt/filebeat/filebeat-6.0.0-alpha1-SNAPSHOT-linux-x86_64 ; USER=root ; COMMAND=/usr/bin/vim filebeat.yml
Apr 10 11:53:45 ip-10-77-20-248 sudo: pam_unix(sudo:session): session opened for user root by ubuntu(uid=0)
Apr 10 11:53:53 ip-10-77-20-248 sudo: pam_unix(sudo:session): session closed for user root
Apr 10 11:53:54 ip-10-77-20-248 sudo:   ubuntu : TTY=pts/0 ; PWD=/opt/filebeat/filebeat-6.0.0-alpha1-SNAPSHOT-linux-x86_64 ; USER=root ; COMMAND=./filebeat -e -modules=auditd
Apr 10 11:53:54 ip-10-77-20-248 sudo: pam_unix(sudo:session): session opened for user root by ubuntu(uid=0)
Apr 10 11:53:54 ip-10-77-20-248 sudo: pam_unix(sudo:session): session closed for user root
Apr 10 11:53:58 ip-10-77-20-248 sudo:   ubuntu : TTY=pts/0 ; PWD=/opt/filebeat/filebeat-6.0.0-alpha1-SNAPSHOT-linux-x86_64 ; USER=root ; COMMAND=/usr/bin/vim filebeat.yml
Apr 10 11:53:58 ip-10-77-20-248 sudo: pam_unix(sudo:session): session opened for user root by ubuntu(uid=0)
Apr 10 11:54:49 ip-10-77-20-248 sudo: pam_unix(sudo:session): session closed for user root
Apr 10 11:54:50 ip-10-77-20-248 sudo:   ubuntu : TTY=pts/0 ; PWD=/opt/filebeat/filebeat-6.0.0-alpha1-SNAPSHOT-linux-x86_64 ; USER=root ; COMMAND=./filebeat -e -modules=auditd
Apr 10 11:54:50 ip-10-77-20-248 sudo: pam_unix(sudo:session): session opened for user root by ubuntu(uid=0)
Apr 10 11:54:50 ip-10-77-20-248 sudo: pam_unix(sudo:session): session closed for user root
Apr 10 11:55:03 ip-10-77-20-248 sudo:   ubuntu : TTY=pts/0 ; PWD=/opt/filebeat/filebeat-6.0.0-alpha1-SNAPSHOT-linux-x86_64 ; USER=root ; COMMAND=/usr/bin/vim filebeat.yml
Apr 10 11:55:03 ip-10-77-20-248 sudo: pam_unix(sudo:session): session opened for user root by ubuntu(uid=0)
Apr 10 11:55:24 ip-10-77-20-248 sudo: pam_unix(sudo:session): session closed for user root
Apr 10 11:55:25 ip-10-77-20-248 sudo:   ubuntu : TTY=pts/0 ; PWD=/opt/filebeat/filebeat-6.0.0-alpha1-SNAPSHOT-linux-x86_64 ; USER=root ; COMMAND=./filebeat -e -modules=auditd
Apr 10 11:55:25 ip-10-77-20-248 sudo: pam_unix(sudo:session): session opened for user root by ubuntu(uid=0)
Apr 10 11:55:26 ip-10-77-20-248 sudo: pam_unix(sudo:session): session closed for user root
Apr 10 11:55:27 ip-10-77-20-248 sudo:   ubuntu : TTY=pts/0 ; PWD=/opt/filebeat/filebeat-6.0.0-alpha1-SNAPSHOT-linux-x86_64 ; USER=root ; COMMAND=/usr/bin/vim filebeat.yml
Apr 10 11:55:27 ip-10-77-20-248 sudo: pam_unix(sudo:session): session opened for user root by ubuntu(uid=0)
Apr 10 11:56:23 ip-10-77-20-248 sudo: pam_unix(sudo:session): session closed for user root
Apr 10 11:56:25 ip-10-77-20-248 sudo:   ubuntu : TTY=pts/0 ; PWD=/opt/filebeat/filebeat-6.0.0-alpha1-SNAPSHOT-linux-x86_64 ; USER=root ; COMMAND=./filebeat -e -modules=auditd
Apr 10 11:56:25 ip-10-77-20-248 sudo: pam_unix(sudo:session): session opened for user root by ubuntu(uid=0)
Apr 10 11:56:31 ip-10-77-20-248 sudo: pam_unix(sudo:session): session closed for user root
Apr 10 11:56:37 ip-10-77-20-248 sudo:   ubuntu : TTY=pts/0 ; PWD=/opt/filebeat/filebeat-6.0.0-alpha1-SNAPSHOT-linux-x86_64 ; USER=root ; COMMAND=./filebeat -e -modules=auditd
Apr 10 11:56:37 ip-10-77-20-248 sudo: pam_unix(sudo:session): session opened for user root by ubuntu(uid=0)
Apr 10 12:37:47 ip-10-77-20-248 sudo:   ubuntu : TTY=pts/1 ; PWD=/home/ubuntu/misc_scripts ; USER=root ; COMMAND=/usr/bin/vim /opt/filebeat/filebeat-6.0.0-alpha1-SNAPSHOT-linux-x86_64/filebeat.yml
Apr 10 12:37:47 ip-10-77-20-248 sudo: pam_unix(sudo:session): session opened for user root by ubuntu(uid=0)
Apr 10 12:59:47 ip-10-77-20-248 sudo: pam_unix(sudo:session): session closed for user root
Apr 10 14:11:51 ip-10-77-20-248 sudo: pam_unix(sudo:session): session closed for user root
Apr 10 15:32:59 ip-10-77-20-248 sudo:   ubuntu : TTY=pts/0 ; PWD=/opt/filebeat/filebeat-6.0.0-alpha1-SNAPSHOT-linux-x86_64 ; USER=root ; COMMAND=./filebeat -e
Apr 10 15:32:59 ip-10-77-20-248 sudo: pam_unix(sudo:session): session opened for user root by ubuntu(uid=0)
